#
# A fatal error has been detected by the Java Runtime Environment:
#
#  SIGSEGV (0xb) at pc=0x00007fa5fe7ea561, pid=50610, tid=50707
#
# JRE version: OpenJDK Runtime Environment (11.0.4+11) (build 11.0.4+11-post-Ubuntu-1ubuntu218.04.3)
# Java VM: OpenJDK 64-Bit Server VM (11.0.4+11-post-Ubuntu-1ubuntu218.04.3, mixed mode, sharing, tiered, compressed oops, g1 gc, linux-amd64)
# Problematic frame:
# 
[error occurred during error reporting (printing problematic frame), id 0xb, SIGSEGV (0xb) at pc=0x00007fa644f1d0c8]

# Core dump will be written. Default location: Core dumps may be processed with "/usr/share/apport/apport %p %s %c %d %P" (or dumping to /home/dinith/Documents/370/SE370.a02/core.50610)
#
# If you would like to submit a bug report, please visit:
#   https://bugs.launchpad.net/ubuntu/+source/openjdk-lts
#

---------------  S U M M A R Y ------------

Command Line: -Dfile.encoding=UTF-8 MemoryFS -d -f /home/dinith/memMount

Host: Intel(R) Core(TM) i7-8750H CPU @ 2.20GHz, 4 cores, 3G, Ubuntu 18.04.1 LTS
Time: Fri Sep 27 17:14:11 2019 PDT elapsed time: 332 seconds (0d 0h 5m 32s)

---------------  T H R E A D  ---------------

Current thread is native thread

Stack: [0x00007fa5fc8a6000,0x00007fa5fd0a5000],  sp=0x00007fa5fd0a3b90,  free space=8182k
Native frames: (J=compiled Java code, A=aot compiled Java code, j=interpreted, Vv=VM code, C=native code)

[error occurred during error reporting (printing native stack), id 0xb, SIGSEGV (0xb) at pc=0x00007fa644f1d0c8]


siginfo: si_signo: 11 (SIGSEGV), si_code: 1 (SEGV_MAPERR), si_addr: 0x0000000000000000

Register to memory mapping:

RAX=0x0 is NULL
RBX=
[error occurred during error reporting (printing register info), id 0xb, SIGSEGV (0xb) at pc=0x00007fa6440e48e7]

Registers:
RAX=0x0000000000000000, RBX=0x00007fa63c3de1a0, RCX=0x00007fa644991320, RDX=0x0000000000000000
RSP=0x00007fa5fd0a3b90, RBP=0x00007fa5fd0a3ba0, RSI=0x00007fa5fd0a3c00, RDI=0x00007fa5d4021d80
R8 =0x0000000000000000, R9 =0x00007fa5d4021e7f, R10=0x00007fa5d40008d0, R11=0x0000000000000000
R12=0x00007fa5d4024750, R13=0x0000000000000001, R14=0x0000000000000000, R15=0x0000000000000000
RIP=0x00007fa5fe7ea561, EFLAGS=0x0000000000010206, CSGSFS=0x002b000000000033, ERR=0x0000000000000004
  TRAPNO=0x000000000000000e

Top of Stack: (sp=0x00007fa5fd0a3b90)
0x00007fa5fd0a3b90:   00007fa5fd0a3c00 00007fa5d4021d80
0x00007fa5fd0a3ba0:   00007fa5fd0a3c00 00007fa5fe5b79ae
0x00007fa5fd0a3bb0:   0000000000000001 00007fa5d4021d80
0x00007fa5fd0a3bc0:   00007fa5d4024750 00007fa5fe5c0912 

Instructions: (pc=0x00007fa5fe7ea561)
0x00007fa5fe7ea461:   25 92 4b 20 00 66 90 00 00 00 00 00 00 00 00 48
0x00007fa5fe7ea471:   8d 3d 01 4d 20 00 55 48 8d 05 f9 4c 20 00 48 39
0x00007fa5fe7ea481:   f8 48 89 e5 74 19 48 8b 05 22 4b 20 00 48 85 c0
0x00007fa5fe7ea491:   74 0d 5d ff e0 66 2e 0f 1f 84 00 00 00 00 00 5d
0x00007fa5fe7ea4a1:   c3 0f 1f 40 00 66 2e 0f 1f 84 00 00 00 00 00 48
0x00007fa5fe7ea4b1:   8d 3d c1 4c 20 00 48 8d 35 ba 4c 20 00 55 48 29
0x00007fa5fe7ea4c1:   fe 48 89 e5 48 c1 fe 03 48 89 f0 48 c1 e8 3f 48
0x00007fa5fe7ea4d1:   01 c6 48 d1 fe 74 18 48 8b 05 11 4b 20 00 48 85
0x00007fa5fe7ea4e1:   c0 74 0c 5d ff e0 66 0f 1f 84 00 00 00 00 00 5d
0x00007fa5fe7ea4f1:   c3 0f 1f 40 00 66 2e 0f 1f 84 00 00 00 00 00 80
0x00007fa5fe7ea501:   3d 79 4c 20 00 00 75 2f 48 83 3d e7 4a 20 00 00
0x00007fa5fe7ea511:   55 48 89 e5 74 0c 48 8b 3d 4a 4c 20 00 e8 3d ff
0x00007fa5fe7ea521:   ff ff e8 48 ff ff ff c6 05 51 4c 20 00 01 5d c3
0x00007fa5fe7ea531:   0f 1f 80 00 00 00 00 f3 c3 66 0f 1f 44 00 00 55
0x00007fa5fe7ea541:   48 89 e5 5d e9 66 ff ff ff 55 48 89 e5 48 83 ec
0x00007fa5fe7ea551:   10 48 89 7d f8 48 89 75 f0 48 8b 05 77 4a 20 00
0x00007fa5fe7ea561:   8b 00 85 c0 74 22 48 8b 45 f0 48 89 c7 e8 fd fd
0x00007fa5fe7ea571:   ff ff 48 89 c2 48 8b 45 f8 48 89 c6 48 8d 3d dc
0x00007fa5fe7ea581:   39 00 00 e8 97 fd ff ff 48 8b 05 f8 4b 20 00 48
0x00007fa5fe7ea591:   8b 00 48 8b 4d f0 48 8b 55 f8 48 89 ce 48 89 d7
0x00007fa5fe7ea5a1:   ff d0 c9 c3 55 48 89 e5 48 83 ec 30 48 89 7d e8
0x00007fa5fe7ea5b1:   48 89 75 e0 48 89 55 d8 48 8b 05 18 4a 20 00 8b
0x00007fa5fe7ea5c1:   00 85 c0 74 57 48 8b 55 e0 ff 75 d8 48 8d 05 98
0x00007fa5fe7ea5d1:   39 00 00 50 41 b9 49 00 00 00 49 89 d0 48 8d 0d
0x00007fa5fe7ea5e1:   83 39 00 00 ba 73 00 00 00 be 02 00 00 00 bf 01
0x00007fa5fe7ea5f1:   00 00 00 b8 00 00 00 00 e8 e2 fb ff ff 48 83 c4
0x00007fa5fe7ea601:   10 48 89 45 f8 48 8b 55 f8 48 8b 45 e8 48 89 c6
0x00007fa5fe7ea611:   48 8d 3d 58 39 00 00 e8 03 fd ff ff 48 8b 05 64
0x00007fa5fe7ea621:   4b 20 00 48 8b 40 08 48 8b 55 d8 48 8b 75 e0 48
0x00007fa5fe7ea631:   8b 4d e8 48 89 cf ff d0 c9 c3 55 48 89 e5 48 83
0x00007fa5fe7ea641:   ec 30 48 89 7d e8 89 75 e4 48 89 55 d8 48 8b 05
0x00007fa5fe7ea651:   83 49 20 00 8b 00 85 c0 74 56 8b 55 e4 ff 75 d8 


Stack slot to memory mapping:
stack at sp + 0 slots: 
[error occurred during error reporting (inspecting top of stack), id 0xb, SIGSEGV (0xb) at pc=0x00007fa6440e48e7]


---------------  P R O C E S S  ---------------

VM state:not at safepoint (normal execution)

VM Mutex/Monitor currently owned by a thread: None

Heap address: 0x00000000c2a00000, size: 982 MB, Compressed Oops mode: 32-bit
Narrow klass base: 0x0000000800000000, Narrow klass shift: 3
Compressed class space size: 1073741824 Address: 0x0000000840000000

Heap:
 garbage-first heap   total 65536K, used 23896K [0x00000000c2a00000, 0x0000000100000000)
  region size 1024K, 24 young (24576K), 2 survivors (2048K)
 Metaspace       used 5602K, capacity 7691K, committed 7808K, reserved 1056768K
  class space    used 627K, capacity 859K, committed 896K, reserved 1048576K
Heap Regions: E=young(eden), S=young(survivor), O=old, HS=humongous(starts), HC=humongous(continues), CS=collection set, F=free, A=archive, TAMS=top-at-mark-start (previous, next)
|   0|0x00000000c2a00000, 0x00000000c2a00000, 0x00000000c2b00000|  0%| F|  |TAMS 0x00000000c2a00000, 0x00000000c2a00000| Untracked 
|   1|0x00000000c2b00000, 0x00000000c2b00000, 0x00000000c2c00000|  0%| F|  |TAMS 0x00000000c2b00000, 0x00000000c2b00000| Untracked 
|   2|0x00000000c2c00000, 0x00000000c2c00000, 0x00000000c2d00000|  0%| F|  |TAMS 0x00000000c2c00000, 0x00000000c2c00000| Untracked 
|   3|0x00000000c2d00000, 0x00000000c2d00000, 0x00000000c2e00000|  0%| F|  |TAMS 0x00000000c2d00000, 0x00000000c2d00000| Untracked 
|   4|0x00000000c2e00000, 0x00000000c2e00000, 0x00000000c2f00000|  0%| F|  |TAMS 0x00000000c2e00000, 0x00000000c2e00000| Untracked 
|   5|0x00000000c2f00000, 0x00000000c2f00000, 0x00000000c3000000|  0%| F|  |TAMS 0x00000000c2f00000, 0x00000000c2f00000| Untracked 
|   6|0x00000000c3000000, 0x00000000c3000000, 0x00000000c3100000|  0%| F|  |TAMS 0x00000000c3000000, 0x00000000c3000000| Untracked 
|   7|0x00000000c3100000, 0x00000000c3100000, 0x00000000c3200000|  0%| F|  |TAMS 0x00000000c3100000, 0x00000000c3100000| Untracked 
|   8|0x00000000c3200000, 0x00000000c3200000, 0x00000000c3300000|  0%| F|  |TAMS 0x00000000c3200000, 0x00000000c3200000| Untracked 
|   9|0x00000000c3300000, 0x00000000c3300000, 0x00000000c3400000|  0%| F|  |TAMS 0x00000000c3300000, 0x00000000c3300000| Untracked 
|  10|0x00000000c3400000, 0x00000000c3400000, 0x00000000c3500000|  0%| F|  |TAMS 0x00000000c3400000, 0x00000000c3400000| Untracked 
|  11|0x00000000c3500000, 0x00000000c3500000, 0x00000000c3600000|  0%| F|  |TAMS 0x00000000c3500000, 0x00000000c3500000| Untracked 
|  12|0x00000000c3600000, 0x00000000c3600000, 0x00000000c3700000|  0%| F|  |TAMS 0x00000000c3600000, 0x00000000c3600000| Untracked 
|  13|0x00000000c3700000, 0x00000000c3700000, 0x00000000c3800000|  0%| F|  |TAMS 0x00000000c3700000, 0x00000000c3700000| Untracked 
|  14|0x00000000c3800000, 0x00000000c3800000, 0x00000000c3900000|  0%| F|  |TAMS 0x00000000c3800000, 0x00000000c3800000| Untracked 
|  15|0x00000000c3900000, 0x00000000c3900000, 0x00000000c3a00000|  0%| F|  |TAMS 0x00000000c3900000, 0x00000000c3900000| Untracked 
|  16|0x00000000c3a00000, 0x00000000c3a00000, 0x00000000c3b00000|  0%| F|  |TAMS 0x00000000c3a00000, 0x00000000c3a00000| Untracked 
|  17|0x00000000c3b00000, 0x00000000c3b00000, 0x00000000c3c00000|  0%| F|  |TAMS 0x00000000c3b00000, 0x00000000c3b00000| Untracked 
|  18|0x00000000c3c00000, 0x00000000c3c00000, 0x00000000c3d00000|  0%| F|  |TAMS 0x00000000c3c00000, 0x00000000c3c00000| Untracked 
|  19|0x00000000c3d00000, 0x00000000c3d00000, 0x00000000c3e00000|  0%| F|  |TAMS 0x00000000c3d00000, 0x00000000c3d00000| Untracked 
|  20|0x00000000c3e00000, 0x00000000c3e00000, 0x00000000c3f00000|  0%| F|  |TAMS 0x00000000c3e00000, 0x00000000c3e00000| Untracked 
|  21|0x00000000c3f00000, 0x00000000c3f00000, 0x00000000c4000000|  0%| F|  |TAMS 0x00000000c3f00000, 0x00000000c3f00000| Untracked 
|  22|0x00000000c4000000, 0x00000000c4000000, 0x00000000c4100000|  0%| F|  |TAMS 0x00000000c4000000, 0x00000000c4000000| Untracked 
|  23|0x00000000c4100000, 0x00000000c4100000, 0x00000000c4200000|  0%| F|  |TAMS 0x00000000c4100000, 0x00000000c4100000| Untracked 
|  24|0x00000000c4200000, 0x00000000c4200000, 0x00000000c4300000|  0%| F|  |TAMS 0x00000000c4200000, 0x00000000c4200000| Untracked 
|  25|0x00000000c4300000, 0x00000000c4300000, 0x00000000c4400000|  0%| F|  |TAMS 0x00000000c4300000, 0x00000000c4300000| Untracked 
|  26|0x00000000c4400000, 0x00000000c4400000, 0x00000000c4500000|  0%| F|  |TAMS 0x00000000c4400000, 0x00000000c4400000| Untracked 
|  27|0x00000000c4500000, 0x00000000c4500000, 0x00000000c4600000|  0%| F|  |TAMS 0x00000000c4500000, 0x00000000c4500000| Untracked 
|  28|0x00000000c4600000, 0x00000000c4600000, 0x00000000c4700000|  0%| F|  |TAMS 0x00000000c4600000, 0x00000000c4600000| Untracked 
|  29|0x00000000c4700000, 0x00000000c4700000, 0x00000000c4800000|  0%| F|  |TAMS 0x00000000c4700000, 0x00000000c4700000| Untracked 
|  30|0x00000000c4800000, 0x00000000c4800000, 0x00000000c4900000|  0%| F|  |TAMS 0x00000000c4800000, 0x00000000c4800000| Untracked 
|  31|0x00000000c4900000, 0x00000000c4900000, 0x00000000c4a00000|  0%| F|  |TAMS 0x00000000c4900000, 0x00000000c4900000| Untracked 
|  32|0x00000000c4a00000, 0x00000000c4a00000, 0x00000000c4b00000|  0%| F|  |TAMS 0x00000000c4a00000, 0x00000000c4a00000| Untracked 
|  33|0x00000000c4b00000, 0x00000000c4b00000, 0x00000000c4c00000|  0%| F|  |TAMS 0x00000000c4b00000, 0x00000000c4b00000| Untracked 
|  34|0x00000000c4c00000, 0x00000000c4c00000, 0x00000000c4d00000|  0%| F|  |TAMS 0x00000000c4c00000, 0x00000000c4c00000| Untracked 
|  35|0x00000000c4d00000, 0x00000000c4d00000, 0x00000000c4e00000|  0%| F|  |TAMS 0x00000000c4d00000, 0x00000000c4d00000| Untracked 
|  36|0x00000000c4e00000, 0x00000000c4e00000, 0x00000000c4f00000|  0%| F|  |TAMS 0x00000000c4e00000, 0x00000000c4e00000| Untracked 
|  37|0x00000000c4f00000, 0x00000000c4f00000, 0x00000000c5000000|  0%| F|  |TAMS 0x00000000c4f00000, 0x00000000c4f00000| Untracked 
|  38|0x00000000c5000000, 0x00000000c5000800, 0x00000000c5100000|  0%| E|  |TAMS 0x00000000c5000000, 0x00000000c5000000| Complete 
|  39|0x00000000c5100000, 0x00000000c5200000, 0x00000000c5200000|100%| E|CS|TAMS 0x00000000c5100000, 0x00000000c5100000| Complete 
|  40|0x00000000c5200000, 0x00000000c5300000, 0x00000000c5300000|100%| E|CS|TAMS 0x00000000c5200000, 0x00000000c5200000| Complete 
|  41|0x00000000c5300000, 0x00000000c5400000, 0x00000000c5400000|100%| E|CS|TAMS 0x00000000c5300000, 0x00000000c5300000| Complete 
|  42|0x00000000c5400000, 0x00000000c5500000, 0x00000000c5500000|100%| E|CS|TAMS 0x00000000c5400000, 0x00000000c5400000| Complete 
|  43|0x00000000c5500000, 0x00000000c5600000, 0x00000000c5600000|100%| E|CS|TAMS 0x00000000c5500000, 0x00000000c5500000| Complete 
|  44|0x00000000c5600000, 0x00000000c5700000, 0x00000000c5700000|100%| E|CS|TAMS 0x00000000c5600000, 0x00000000c5600000| Complete 
|  45|0x00000000c5700000, 0x00000000c5800000, 0x00000000c5800000|100%| E|CS|TAMS 0x00000000c5700000, 0x00000000c5700000| Complete 
|  46|0x00000000c5800000, 0x00000000c58b8060, 0x00000000c5900000| 71%| S|CS|TAMS 0x00000000c5800000, 0x00000000c5800000| Complete 
|  47|0x00000000c5900000, 0x00000000c5a00000, 0x00000000c5a00000|100%| S|CS|TAMS 0x00000000c5900000, 0x00000000c5900000| Complete 
|  48|0x00000000c5a00000, 0x00000000c5b00000, 0x00000000c5b00000|100%| E|CS|TAMS 0x00000000c5a00000, 0x00000000c5a00000| Complete 
|  49|0x00000000c5b00000, 0x00000000c5c00000, 0x00000000c5c00000|100%| E|CS|TAMS 0x00000000c5b00000, 0x00000000c5b00000| Complete 
|  50|0x00000000c5c00000, 0x00000000c5d00000, 0x00000000c5d00000|100%| E|CS|TAMS 0x00000000c5c00000, 0x00000000c5c00000| Complete 
|  51|0x00000000c5d00000, 0x00000000c5e00000, 0x00000000c5e00000|100%| E|CS|TAMS 0x00000000c5d00000, 0x00000000c5d00000| Complete 
|  52|0x00000000c5e00000, 0x00000000c5f00000, 0x00000000c5f00000|100%| E|CS|TAMS 0x00000000c5e00000, 0x00000000c5e00000| Complete 
|  53|0x00000000c5f00000, 0x00000000c6000000, 0x00000000c6000000|100%| E|CS|TAMS 0x00000000c5f00000, 0x00000000c5f00000| Complete 
|  54|0x00000000c6000000, 0x00000000c6100000, 0x00000000c6100000|100%| E|CS|TAMS 0x00000000c6000000, 0x00000000c6000000| Complete 
|  55|0x00000000c6100000, 0x00000000c6200000, 0x00000000c6200000|100%| E|CS|TAMS 0x00000000c6100000, 0x00000000c6100000| Complete 
|  56|0x00000000c6200000, 0x00000000c6300000, 0x00000000c6300000|100%| E|CS|TAMS 0x00000000c6200000, 0x00000000c6200000| Complete 
|  57|0x00000000c6300000, 0x00000000c6400000, 0x00000000c6400000|100%| E|CS|TAMS 0x00000000c6300000, 0x00000000c6300000| Complete 
|  58|0x00000000c6400000, 0x00000000c6500000, 0x00000000c6500000|100%| E|CS|TAMS 0x00000000c6400000, 0x00000000c6400000| Complete 
|  59|0x00000000c6500000, 0x00000000c6600000, 0x00000000c6600000|100%| E|CS|TAMS 0x00000000c6500000, 0x00000000c6500000| Complete 
|  60|0x00000000c6600000, 0x00000000c6700000, 0x00000000c6700000|100%| E|CS|TAMS 0x00000000c6600000, 0x00000000c6600000| Complete 
|  61|0x00000000c6700000, 0x00000000c6800000, 0x00000000c6800000|100%| E|CS|TAMS 0x00000000c6700000, 0x00000000c6700000| Complete 
| 980|0x00000000ffe00000, 0x00000000ffe34000, 0x00000000fff00000| 20%|OA|  |TAMS 0x00000000ffe00000, 0x00000000ffe00000| Untracked 
| 981|0x00000000fff00000, 0x00000000fff6a000, 0x0000000100000000| 41%|CA|  |TAMS 0x00000000fff00000, 0x00000000fff00000| Untracked 

Card table byte_map: [0x00007fa640cdd000,0x00007fa640ec8000] _byte_map_base: 0x00007fa6406c8000

Marking Bits (Prev, Next): (CMBitMap*) 0x00007fa63c03eb88, (CMBitMap*) 0x00007fa63c03ebc0
 Prev Bits: [0x00007fa61f0a8000, 0x00007fa620000000)
 Next Bits: [0x00007fa61e150000, 0x00007fa61f0a8000)

Polling page: 0x00007fa6455dc000

Metaspace:

Usage:
  Non-class:      6.67 MB capacity,     4.86 MB ( 73%) used,     1.80 MB ( 27%) free+waste,    14.31 KB ( <1%) overhead. 
      Class:    859.00 KB capacity,   627.23 KB ( 73%) used,   223.95 KB ( 26%) free+waste,     7.81 KB ( <1%) overhead. 
       Both:      7.51 MB capacity,     5.47 MB ( 73%) used,     2.02 MB ( 27%) free+waste,    22.12 KB ( <1%) overhead. 

Virtual space:
  Non-class space:        8.00 MB reserved,       6.75 MB ( 84%) committed 
      Class space:        1.00 GB reserved,     896.00 KB ( <1%) committed 
             Both:        1.01 GB reserved,       7.62 MB ( <1%) committed 

Chunk freelists:
   Non-Class:  56.00 KB
       Class:  5.00 KB
        Both:  61.00 KB

CodeHeap 'non-profiled nmethods': size=120032Kb used=257Kb max_used=257Kb free=119774Kb
 bounds [0x00007fa62c41e000, 0x00007fa62c68e000, 0x00007fa633956000]
CodeHeap 'profiled nmethods': size=120032Kb used=1746Kb max_used=1746Kb free=118285Kb
 bounds [0x00007fa624ee6000, 0x00007fa625156000, 0x00007fa62c41e000]
CodeHeap 'non-nmethods': size=5696Kb used=1182Kb max_used=1195Kb free=4513Kb
 bounds [0x00007fa624956000, 0x00007fa624bc6000, 0x00007fa624ee6000]
 total_blobs=1610 nmethods=925 adapters=441
 compilation: enabled
              stopped_count=0, restarted_count=0
 full_count=0

Compilation events (10 events):
Event: 2.475 Thread 0x00007fa63c0c4800  923       3       jnr.ffi.provider.jffi.DirectMemoryIO::<init> (8 bytes)
Event: 2.475 Thread 0x00007fa63c0c4800 nmethod 923 0x00007fa62509a310 code [0x00007fa62509a4e0, 0x00007fa62509a810]
Event: 2.475 Thread 0x00007fa63c0c4800  924       1       java.lang.Thread::getThreadGroup (5 bytes)
Event: 2.475 Thread 0x00007fa63c0c4800 nmethod 924 0x00007fa62c45d710 code [0x00007fa62c45d8c0, 0x00007fa62c45d9f0]
Event: 8.369 Thread 0x00007fa63c0c4800  925       1       java.lang.ThreadGroup::getMaxPriority (5 bytes)
Event: 8.369 Thread 0x00007fa63c0c4800 nmethod 925 0x00007fa62c45da90 code [0x00007fa62c45dc40, 0x00007fa62c45dd70]
Event: 8.371 Thread 0x00007fa63c0c4800  926       1       java.lang.Thread::isDaemon (5 bytes)
Event: 8.371 Thread 0x00007fa63c0c4800 nmethod 926 0x00007fa62c45de10 code [0x00007fa62c45dfc0, 0x00007fa62c45e0f0]
Event: 8.371 Thread 0x00007fa63c0c4800  927       1       java.lang.Thread::getPriority (5 bytes)
Event: 8.371 Thread 0x00007fa63c0c4800 nmethod 927 0x00007fa62c45e190 code [0x00007fa62c45e340, 0x00007fa62c45e470]

GC Heap History (2 events):
Event: 2.376 GC heap before
{Heap before GC invocations=0 (full 0):
 garbage-first heap   total 65536K, used 13944K [0x00000000c2a00000, 0x0000000100000000)
  region size 1024K, 14 young (14336K), 0 survivors (0K)
 Metaspace       used 5393K, capacity 7557K, committed 7808K, reserved 1056768K
  class space    used 605K, capacity 858K, committed 896K, reserved 1048576K
}
Event: 2.397 GC heap after
{Heap after GC invocations=1 (full 0):
 garbage-first heap   total 65536K, used 2392K [0x00000000c2a00000, 0x0000000100000000)
  region size 1024K, 2 young (2048K), 2 survivors (2048K)
 Metaspace       used 5393K, capacity 7557K, committed 7808K, reserved 1056768K
  class space    used 605K, capacity 858K, committed 896K, reserved 1048576K
}

Deoptimization events (10 events):
Event: 0.145 Thread 0x00007fa63c012800 DEOPT PACKING pc=0x00007fa624f23a24 sp=0x00007fa6455c3980
Event: 0.145 Thread 0x00007fa63c012800 DEOPT UNPACKING pc=0x00007fa62497e83a sp=0x00007fa6455c2e10 mode 0
Event: 0.222 Thread 0x00007fa63c012800 Uncommon trap: trap_request=0xffffff4d fr.pc=0x00007fa62c444834 relative=0x00000000000001f4
Event: 0.222 Thread 0x00007fa63c012800 Uncommon trap: reason=unstable_if action=reinterpret pc=0x00007fa62c444834 method=java.util.HashMap.getNode(ILjava/lang/Object;)Ljava/util/HashMap$Node; @ 129 c2
Event: 0.222 Thread 0x00007fa63c012800 DEOPT PACKING pc=0x00007fa62c444834 sp=0x00007fa6455c3e60
Event: 0.222 Thread 0x00007fa63c012800 DEOPT UNPACKING pc=0x00007fa62497ea25 sp=0x00007fa6455c3df0 mode 2
Event: 2.357 Thread 0x00007fa5dc022800 DEOPT PACKING pc=0x00007fa624f1576f sp=0x00007fa5fe2a73f0
Event: 2.357 Thread 0x00007fa5dc022800 DEOPT UNPACKING pc=0x00007fa62497e83a sp=0x00007fa5fe2a68b0 mode 0
Event: 2.427 Thread 0x00007fa5dc022800 DEOPT PACKING pc=0x00007fa624f3f4c2 sp=0x00007fa5fe2a7480
Event: 2.427 Thread 0x00007fa5dc022800 DEOPT UNPACKING pc=0x00007fa62497e83a sp=0x00007fa5fe2a6908 mode 0

Classes redefined (0 events):
No events

Internal exceptions (6 events):
Event: 0.077 Thread 0x00007fa63c012800 Exception <a 'java/security/PrivilegedActionException'{0x00000000c652e338}> (0x00000000c652e338) thrown at [/build/openjdk-lts-7bqZff/openjdk-lts-11.0.4+11/src/hotspot/share/prims/jvm.cpp, line 1300]
Event: 0.077 Thread 0x00007fa63c012800 Exception <a 'java/security/PrivilegedActionException'{0x00000000c652e8b0}> (0x00000000c652e8b0) thrown at [/build/openjdk-lts-7bqZff/openjdk-lts-11.0.4+11/src/hotspot/share/prims/jvm.cpp, line 1300]
Event: 0.126 Thread 0x00007fa63c012800 Exception <a 'java/lang/NoSuchMethodError'{0x00000000c64d95f0}: 'int java.lang.invoke.DirectMethodHandle$Holder.invokeSpecialIFC(java.lang.Object, java.lang.Object, int)'> (0x00000000c64d95f0) thrown at [/build/openjdk-lts-7bqZff/openjdk-lts-11.0.4+11/src
Event: 0.278 Thread 0x00007fa63c012800 Exception <a 'java/lang/NoSuchMethodError'{0x00000000c5dbb560}: 'int java.lang.invoke.DirectMethodHandle$Holder.invokeInterface(java.lang.Object, java.lang.Object, java.lang.Object, java.lang.Object)'> (0x00000000c5dbb560) thrown at [/build/openjdk-lts-7b
Event: 0.302 Thread 0x00007fa63c012800 Exception <a 'java/lang/NoSuchMethodError'{0x00000000c5ce0ac0}: 'int java.lang.invoke.DirectMethodHandle$Holder.invokeInterface(java.lang.Object, java.lang.Object, java.lang.Object, int)'> (0x00000000c5ce0ac0) thrown at [/build/openjdk-lts-7bqZff/openjdk-
Event: 0.307 Thread 0x00007fa63c012800 Exception <a 'java/lang/NoSuchMethodError'{0x00000000c5b10c38}: 'void java.lang.invoke.DirectMethodHandle$Holder.invokeVirtual(java.lang.Object, java.lang.Object)'> (0x00000000c5b10c38) thrown at [/build/openjdk-lts-7bqZff/openjdk-lts-11.0.4+11/src/hotspo

Events (10 events):
Event: 8.371 Thread 0x00007fa5d4026800 Thread added: 0x00007fa5d4026800
Event: 8.371 Thread 0x00007fa5d4026800 Thread exited: 0x00007fa5d4026800
Event: 27.195 Thread 0x00007fa5d0025800 Thread added: 0x00007fa5d0025800
Event: 27.196 Thread 0x00007fa5d0025800 Thread exited: 0x00007fa5d0025800
Event: 27.196 Thread 0x00007fa5bc005000 Thread added: 0x00007fa5bc005000
Event: 27.196 Thread 0x00007fa5bc005000 Thread exited: 0x00007fa5bc005000
Event: 27.197 Thread 0x00007fa5c403a800 Thread added: 0x00007fa5c403a800
Event: 27.197 Thread 0x00007fa5c403a800 Thread exited: 0x00007fa5c403a800
Event: 27.197 Thread 0x00007fa5dc041000 Thread added: 0x00007fa5dc041000
Event: 27.197 Thread 0x00007fa5dc041000 Thread exited: 0x00007fa5dc041000


Dynamic libraries:
c2a00000-c6800000 rw-p 00000000 00:00 0 
c6800000-ffe00000 ---p 00000000 00:00 0 
ffe00000-ffe34000 rw-p 01116000 08:01 536053                             /usr/lib/jvm/java-11-openjdk-amd64/lib/server/classes.jsa
ffe34000-fff00000 rw-p 00000000 00:00 0 
fff00000-fff6a000 rw-p 010ac000 08:01 536053                             /usr/lib/jvm/java-11-openjdk-amd64/lib/server/classes.jsa
fff6a000-100000000 rw-p 00000000 00:00 0 
800000000-800002000 rwxp 00001000 08:01 536053                           /usr/lib/jvm/java-11-openjdk-amd64/lib/server/classes.jsa
800002000-8003bd000 rw-p 00003000 08:01 536053                           /usr/lib/jvm/java-11-openjdk-amd64/lib/server/classes.jsa
8003bd000-800a98000 r--p 003be000 08:01 536053                           /usr/lib/jvm/java-11-openjdk-amd64/lib/server/classes.jsa
800a98000-800a99000 rw-p 00a99000 08:01 536053                           /usr/lib/jvm/java-11-openjdk-amd64/lib/server/classes.jsa
800a99000-8010ab000 r--p 00a9a000 08:01 536053                           /usr/lib/jvm/java-11-openjdk-amd64/lib/server/classes.jsa
840000000-8400e0000 rw-p 00000000 00:00 0 
8400e0000-880000000 ---p 00000000 00:00 0 
563ced532000-563ced533000 r-xp 00000000 08:01 1057071                    /usr/lib/jvm/java-11-openjdk-amd64/bin/java
563ced733000-563ced734000 r--p 00001000 08:01 1057071                    /usr/lib/jvm/java-11-openjdk-amd64/bin/java
563ced734000-563ced735000 rw-p 00002000 08:01 1057071                    /usr/lib/jvm/java-11-openjdk-amd64/bin/java
563cedf03000-563cedf24000 rw-p 00000000 00:00 0                          [heap]
7fa5bc000000-7fa5bc021000 rw-p 00000000 00:00 0 
7fa5bc021000-7fa5c0000000 ---p 00000000 00:00 0 
7fa5c0000000-7fa5c0021000 rw-p 00000000 00:00 0 
7fa5c0021000-7fa5c4000000 ---p 00000000 00:00 0 
7fa5c4000000-7fa5c405f000 rw-p 00000000 00:00 0 
7fa5c405f000-7fa5c8000000 ---p 00000000 00:00 0 
7fa5c8000000-7fa5c8037000 rw-p 00000000 00:00 0 
7fa5c8037000-7fa5cc000000 ---p 00000000 00:00 0 
7fa5ceefc000-7fa5ceefd000 ---p 00000000 00:00 0 
7fa5ceefd000-7fa5ceffe000 rw-p 00000000 00:00 0 
7fa5ceffe000-7fa5cefff000 ---p 00000000 00:00 0 
7fa5cefff000-7fa5cf000000 rw-p 00000000 00:00 0 
7fa5cf000000-7fa5cf004000 ---p 00000000 00:00 0 
7fa5cf004000-7fa5cf7ff000 rw-p 00000000 00:00 0 
7fa5cf7ff000-7fa5cf800000 ---p 00000000 00:00 0 
7fa5cf800000-7fa5cf801000 rw-p 00000000 00:00 0 
7fa5cf801000-7fa5cf805000 ---p 00000000 00:00 0 
7fa5cf805000-7fa5d0000000 rw-p 00000000 00:00 0 
7fa5d0000000-7fa5d0028000 rw-p 00000000 00:00 0 
7fa5d0028000-7fa5d4000000 ---p 00000000 00:00 0 
7fa5d4000000-7fa5d4029000 rw-p 00000000 00:00 0 
7fa5d4029000-7fa5d8000000 ---p 00000000 00:00 0 
7fa5d8000000-7fa5d8021000 rw-p 00000000 00:00 0 
7fa5d8021000-7fa5dc000000 ---p 00000000 00:00 0 
7fa5dc000000-7fa5dc04a000 rw-p 00000000 00:00 0 
7fa5dc04a000-7fa5e0000000 ---p 00000000 00:00 0 
7fa5e0000000-7fa5e0021000 rw-p 00000000 00:00 0 
7fa5e0021000-7fa5e4000000 ---p 00000000 00:00 0 
7fa5e4000000-7fa5e4021000 rw-p 00000000 00:00 0 
7fa5e4021000-7fa5e8000000 ---p 00000000 00:00 0 
7fa5e8000000-7fa5e8021000 rw-p 00000000 00:00 0 
7fa5e8021000-7fa5ec000000 ---p 00000000 00:00 0 
7fa5ec000000-7fa5ec021000 rw-p 00000000 00:00 0 
7fa5ec021000-7fa5f0000000 ---p 00000000 00:00 0 
7fa5f0000000-7fa5f0315000 rw-p 00000000 00:00 0 
7fa5f0315000-7fa5f4000000 ---p 00000000 00:00 0 
7fa5f4000000-7fa5f43d6000 rw-p 00000000 00:00 0 
7fa5f43d6000-7fa5f8000000 ---p 00000000 00:00 0 
7fa5f8000000-7fa5f8021000 rw-p 00000000 00:00 0 
7fa5f8021000-7fa5fc000000 ---p 00000000 00:00 0 
7fa5fc0a3000-7fa5fc0a4000 ---p 00000000 00:00 0 
7fa5fc0a4000-7fa5fc0a5000 rw-p 00000000 00:00 0 
7fa5fc0a5000-7fa5fc0a9000 ---p 00000000 00:00 0 
7fa5fc0a9000-7fa5fc8a4000 rw-p 00000000 00:00 0 
7fa5fc8a4000-7fa5fc8a5000 ---p 00000000 00:00 0 
7fa5fc8a5000-7fa5fc8a6000 rw-p 00000000 00:00 0 
7fa5fc8a6000-7fa5fc8aa000 ---p 00000000 00:00 0 
7fa5fc8aa000-7fa5fd0a5000 rw-p 00000000 00:00 0 
7fa5fd0a5000-7fa5fd0a7000 r-xp 00000000 08:01 284203                     /usr/lib/jvm/java-11-openjdk-amd64/lib/libextnet.so
7fa5fd0a7000-7fa5fd2a6000 ---p 00002000 08:01 284203                     /usr/lib/jvm/java-11-openjdk-amd64/lib/libextnet.so
7fa5fd2a6000-7fa5fd2a7000 r--p 00001000 08:01 284203                     /usr/lib/jvm/java-11-openjdk-amd64/lib/libextnet.so
7fa5fd2a7000-7fa5fd2a8000 rw-p 00002000 08:01 284203                     /usr/lib/jvm/java-11-openjdk-amd64/lib/libextnet.so
7fa5fd2a8000-7fa5fd2a9000 ---p 00000000 00:00 0 
7fa5fd2a9000-7fa5fd2aa000 rw-p 00000000 00:00 0 
7fa5fd2aa000-7fa5fd2ae000 ---p 00000000 00:00 0 
7fa5fd2ae000-7fa5fdaa9000 rw-p 00000000 00:00 0 
7fa5fdaa9000-7fa5fdaaa000 ---p 00000000 00:00 0 
7fa5fdaaa000-7fa5fdaab000 rw-p 00000000 00:00 0 
7fa5fdaab000-7fa5fdaaf000 ---p 00000000 00:00 0 
7fa5fdaaf000-7fa5fe2aa000 rw-p 00000000 00:00 0 
7fa5fe2aa000-7fa5fe2ab000 r-xp 00000000 08:01 284209                     /usr/lib/jvm/java-11-openjdk-amd64/lib/libjaas.so
7fa5fe2ab000-7fa5fe4aa000 ---p 00001000 08:01 284209                     /usr/lib/jvm/java-11-openjdk-amd64/lib/libjaas.so
7fa5fe4aa000-7fa5fe4ab000 r--p 00000000 08:01 284209                     /usr/lib/jvm/java-11-openjdk-amd64/lib/libjaas.so
7fa5fe4ab000-7fa5fe4ac000 rw-p 00001000 08:01 284209                     /usr/lib/jvm/java-11-openjdk-amd64/lib/libjaas.so
7fa5fe4ac000-7fa5fe4b0000 ---p 00000000 00:00 0 
7fa5fe4b0000-7fa5fe5ad000 rw-p 00000000 00:00 0 
7fa5fe5ad000-7fa5fe5d7000 r-xp 00000000 08:01 792252                     /lib/x86_64-linux-gnu/libfuse.so.2.9.7
7fa5fe5d7000-7fa5fe7d6000 ---p 0002a000 08:01 792252                     /lib/x86_64-linux-gnu/libfuse.so.2.9.7
7fa5fe7d6000-7fa5fe7e8000 r--p 00029000 08:01 792252                     /lib/x86_64-linux-gnu/libfuse.so.2.9.7
7fa5fe7e8000-7fa5fe7e9000 rw-p 0003b000 08:01 792252                     /lib/x86_64-linux-gnu/libfuse.so.2.9.7
7fa5fe7e9000-7fa5fe7ef000 r-xp 00000000 08:01 920439                     /tmp/.libFUSELink.so
7fa5fe7ef000-7fa5fe9ee000 ---p 00006000 08:01 920439                     /tmp/.libFUSELink.so
7fa5fe9ee000-7fa5fe9ef000 r--p 00005000 08:01 920439                     /tmp/.libFUSELink.so
7fa5fe9ef000-7fa5fe9f0000 rw-p 00006000 08:01 920439                     /tmp/.libFUSELink.so
7fa5fe9f0000-7fa5fea02000 r-xp 00000000 08:01 920438                     /tmp/jffi8763477934773218187.so (deleted)
7fa5fea02000-7fa5fec01000 ---p 00012000 08:01 920438                     /tmp/jffi8763477934773218187.so (deleted)
7fa5fec01000-7fa5fec02000 rw-p 00011000 08:01 920438                     /tmp/jffi8763477934773218187.so (deleted)
7fa5fec02000-7fa5fec18000 r-xp 00000000 08:01 284222                     /usr/lib/jvm/java-11-openjdk-amd64/lib/libnet.so
7fa5fec18000-7fa5fee17000 ---p 00016000 08:01 284222                     /usr/lib/jvm/java-11-openjdk-amd64/lib/libnet.so
7fa5fee17000-7fa5fee18000 r--p 00015000 08:01 284222                     /usr/lib/jvm/java-11-openjdk-amd64/lib/libnet.so
7fa5fee18000-7fa5fee19000 rw-p 00016000 08:01 284222                     /usr/lib/jvm/java-11-openjdk-amd64/lib/libnet.so
7fa5fee19000-7fa5fee29000 r-xp 00000000 08:01 284223                     /usr/lib/jvm/java-11-openjdk-amd64/lib/libnio.so
7fa5fee29000-7fa5ff028000 ---p 00010000 08:01 284223                     /usr/lib/jvm/java-11-openjdk-amd64/lib/libnio.so
7fa5ff028000-7fa5ff029000 r--p 0000f000 08:01 284223                     /usr/lib/jvm/java-11-openjdk-amd64/lib/libnio.so
7fa5ff029000-7fa5ff02a000 rw-p 00010000 08:01 284223                     /usr/lib/jvm/java-11-openjdk-amd64/lib/libnio.so
7fa5ff02a000-7fa5ff02e000 ---p 00000000 00:00 0 
7fa5ff02e000-7fa5ff12b000 rw-p 00000000 00:00 0 
7fa5ff12b000-7fa5ff12c000 ---p 00000000 00:00 0 
7fa5ff12c000-7fa5ff22d000 rw-p 00000000 00:00 0 
7fa5ff22d000-7fa5ff231000 ---p 00000000 00:00 0 
7fa5ff231000-7fa5ff32e000 rw-p 00000000 00:00 0 
7fa5ff32e000-7fa5ff332000 ---p 00000000 00:00 0 
7fa5ff332000-7fa5ff42f000 rw-p 00000000 00:00 0 
7fa5ff42f000-7fa5ff433000 ---p 00000000 00:00 0 
7fa5ff433000-7fa5ff530000 rw-p 00000000 00:00 0 
7fa5ff530000-7fa5ff534000 ---p 00000000 00:00 0 
7fa5ff534000-7fa5ff631000 rw-p 00000000 00:00 0 
7fa5ff631000-7fa600000000 r--p 00000000 08:01 1056076                    /usr/lib/locale/locale-archive
7fa600000000-7fa600021000 rw-p 00000000 00:00 0 
7fa600021000-7fa604000000 ---p 00000000 00:00 0 
7fa604000000-7fa604021000 rw-p 00000000 00:00 0 
7fa604021000-7fa608000000 ---p 00000000 00:00 0 
7fa608000000-7fa608021000 rw-p 00000000 00:00 0 
7fa608021000-7fa60c000000 ---p 00000000 00:00 0 
7fa60c000000-7fa60c021000 rw-p 00000000 00:00 0 
7fa60c021000-7fa610000000 ---p 00000000 00:00 0 
7fa610000000-7fa610021000 rw-p 00000000 00:00 0 
7fa610021000-7fa614000000 ---p 00000000 00:00 0 
7fa614000000-7fa614021000 rw-p 00000000 00:00 0 
7fa614021000-7fa618000000 ---p 00000000 00:00 0 
7fa618000000-7fa618021000 rw-p 00000000 00:00 0 
7fa618021000-7fa61c000000 ---p 00000000 00:00 0 
7fa61c04f000-7fa61c053000 ---p 00000000 00:00 0 
7fa61c053000-7fa61e248000 rw-p 00000000 00:00 0 
7fa61e248000-7fa61f0a0000 ---p 00000000 00:00 0 
7fa61f0a0000-7fa61f1a0000 rw-p 00000000 00:00 0 
7fa61f1a0000-7fa61fff8000 ---p 00000000 00:00 0 
7fa61fff8000-7fa620000000 rw-p 00000000 00:00 0 
7fa620000000-7fa620021000 rw-p 00000000 00:00 0 
7fa620021000-7fa624000000 ---p 00000000 00:00 0 
7fa624055000-7fa624059000 ---p 00000000 00:00 0 
7fa624059000-7fa624816000 rw-p 00000000 00:00 0 
7fa624816000-7fa624956000 ---p 00000000 00:00 0 
7fa624956000-7fa624bc6000 rwxp 00000000 00:00 0 
7fa624bc6000-7fa624ee6000 ---p 00000000 00:00 0 
7fa624ee6000-7fa625156000 rwxp 00000000 00:00 0 
7fa625156000-7fa62c41e000 ---p 00000000 00:00 0 
7fa62c41e000-7fa62c68e000 rwxp 00000000 00:00 0 
7fa62c68e000-7fa633956000 ---p 00000000 00:00 0 
7fa633956000-7fa63c000000 r--s 00000000 08:01 284232                     /usr/lib/jvm/java-11-openjdk-amd64/lib/modules
7fa63c000000-7fa63c420000 rw-p 00000000 00:00 0 
7fa63c420000-7fa640000000 ---p 00000000 00:00 0 
7fa640007000-7fa64000b000 ---p 00000000 00:00 0 
7fa64000b000-7fa640108000 rw-p 00000000 00:00 0 
7fa640108000-7fa640109000 ---p 00000000 00:00 0 
7fa640109000-7fa6402e6000 rw-p 00000000 00:00 0 
7fa6402e6000-7fa6402e7000 ---p 00000000 00:00 0 
7fa6402e7000-7fa6403e8000 rw-p 00000000 00:00 0 
7fa6403e8000-7fa6403e9000 ---p 00000000 00:00 0 
7fa6403e9000-7fa6408ee000 rw-p 00000000 00:00 0 
7fa6408ee000-7fa6408ef000 ---p 00000000 00:00 0 
7fa6408ef000-7fa6409f0000 rw-p 00000000 00:00 0 
7fa6409f0000-7fa6409f1000 ---p 00000000 00:00 0 
7fa6409f1000-7fa640b11000 rw-p 00000000 00:00 0 
7fa640b11000-7fa640cdc000 ---p 00000000 00:00 0 
7fa640cdc000-7fa640cfc000 rw-p 00000000 00:00 0 
7fa640cfc000-7fa640ec7000 ---p 00000000 00:00 0 
7fa640ec7000-7fa640ee7000 rw-p 00000000 00:00 0 
7fa640ee7000-7fa6410b2000 ---p 00000000 00:00 0 
7fa6410b2000-7fa6414b7000 rw-p 00000000 00:00 0 
7fa6414b7000-7fa6414b8000 ---p 00000000 00:00 0 
7fa6414b8000-7fa6415be000 rw-p 00000000 00:00 0 
7fa6415be000-7fa6416a4000 ---p 00000000 00:00 0 
7fa6416a4000-7fa6416a9000 rw-p 00000000 00:00 0 
7fa6416a9000-7fa64178f000 ---p 00000000 00:00 0 
7fa64178f000-7fa641794000 r-xp 00000000 08:01 284214                     /usr/lib/jvm/java-11-openjdk-amd64/lib/libjimage.so
7fa641794000-7fa641993000 ---p 00005000 08:01 284214                     /usr/lib/jvm/java-11-openjdk-amd64/lib/libjimage.so
7fa641993000-7fa641994000 r--p 00004000 08:01 284214                     /usr/lib/jvm/java-11-openjdk-amd64/lib/libjimage.so
7fa641994000-7fa641995000 rw-p 00005000 08:01 284214                     /usr/lib/jvm/java-11-openjdk-amd64/lib/libjimage.so
7fa641995000-7fa64199c000 r-xp 00000000 08:01 284231                     /usr/lib/jvm/java-11-openjdk-amd64/lib/libzip.so
7fa64199c000-7fa641b9b000 ---p 00007000 08:01 284231                     /usr/lib/jvm/java-11-openjdk-amd64/lib/libzip.so
7fa641b9b000-7fa641b9c000 r--p 00006000 08:01 284231                     /usr/lib/jvm/java-11-openjdk-amd64/lib/libzip.so
7fa641b9c000-7fa641b9d000 rw-p 00007000 08:01 284231                     /usr/lib/jvm/java-11-openjdk-amd64/lib/libzip.so
7fa641b9d000-7fa641ba8000 r-xp 00000000 08:01 792306                     /lib/x86_64-linux-gnu/libnss_files-2.27.so
7fa641ba8000-7fa641da7000 ---p 0000b000 08:01 792306                     /lib/x86_64-linux-gnu/libnss_files-2.27.so
7fa641da7000-7fa641da8000 r--p 0000a000 08:01 792306                     /lib/x86_64-linux-gnu/libnss_files-2.27.so
7fa641da8000-7fa641da9000 rw-p 0000b000 08:01 792306                     /lib/x86_64-linux-gnu/libnss_files-2.27.so
7fa641da9000-7fa641daf000 rw-p 00000000 00:00 0 
7fa641daf000-7fa641dc6000 r-xp 00000000 08:01 792300                     /lib/x86_64-linux-gnu/libnsl-2.27.so
7fa641dc6000-7fa641fc5000 ---p 00017000 08:01 792300                     /lib/x86_64-linux-gnu/libnsl-2.27.so
7fa641fc5000-7fa641fc6000 r--p 00016000 08:01 792300                     /lib/x86_64-linux-gnu/libnsl-2.27.so
7fa641fc6000-7fa641fc7000 rw-p 00017000 08:01 792300                     /lib/x86_64-linux-gnu/libnsl-2.27.so
7fa641fc7000-7fa641fc9000 rw-p 00000000 00:00 0 
7fa641fc9000-7fa641fd4000 r-xp 00000000 08:01 792317                     /lib/x86_64-linux-gnu/libnss_nis-2.27.so
7fa641fd4000-7fa6421d3000 ---p 0000b000 08:01 792317                     /lib/x86_64-linux-gnu/libnss_nis-2.27.so
7fa6421d3000-7fa6421d4000 r--p 0000a000 08:01 792317                     /lib/x86_64-linux-gnu/libnss_nis-2.27.so
7fa6421d4000-7fa6421d5000 rw-p 0000b000 08:01 792317                     /lib/x86_64-linux-gnu/libnss_nis-2.27.so
7fa6421d5000-7fa6421dd000 r-xp 00000000 08:01 792302                     /lib/x86_64-linux-gnu/libnss_compat-2.27.so
7fa6421dd000-7fa6423dd000 ---p 00008000 08:01 792302                     /lib/x86_64-linux-gnu/libnss_compat-2.27.so
7fa6423dd000-7fa6423de000 r--p 00008000 08:01 792302                     /lib/x86_64-linux-gnu/libnss_compat-2.27.so
7fa6423de000-7fa6423df000 rw-p 00009000 08:01 792302                     /lib/x86_64-linux-gnu/libnss_compat-2.27.so
7fa6423df000-7fa642408000 r-xp 00000000 08:01 284210                     /usr/lib/jvm/java-11-openjdk-amd64/lib/libjava.so
7fa642408000-7fa642607000 ---p 00029000 08:01 284210                     /usr/lib/jvm/java-11-openjdk-amd64/lib/libjava.so
7fa642607000-7fa642608000 r--p 00028000 08:01 284210                     /usr/lib/jvm/java-11-openjdk-amd64/lib/libjava.so
7fa642608000-7fa64260a000 rw-p 00029000 08:01 284210                     /usr/lib/jvm/java-11-openjdk-amd64/lib/libjava.so
7fa64260a000-7fa642617000 r-xp 00000000 08:01 284230                     /usr/lib/jvm/java-11-openjdk-amd64/lib/libverify.so
7fa642617000-7fa642816000 ---p 0000d000 08:01 284230                     /usr/lib/jvm/java-11-openjdk-amd64/lib/libverify.so
7fa642816000-7fa642818000 r--p 0000c000 08:01 284230                     /usr/lib/jvm/java-11-openjdk-amd64/lib/libverify.so
7fa642818000-7fa642819000 rw-p 0000e000 08:01 284230                     /usr/lib/jvm/java-11-openjdk-amd64/lib/libverify.so
7fa642819000-7fa642820000 r-xp 00000000 08:01 792357                     /lib/x86_64-linux-gnu/librt-2.27.so
7fa642820000-7fa642a1f000 ---p 00007000 08:01 792357                     /lib/x86_64-linux-gnu/librt-2.27.so
7fa642a1f000-7fa642a20000 r--p 00006000 08:01 792357                     /lib/x86_64-linux-gnu/librt-2.27.so
7fa642a20000-7fa642a21000 rw-p 00007000 08:01 792357                     /lib/x86_64-linux-gnu/librt-2.27.so
7fa642a21000-7fa642a38000 r-xp 00000000 08:01 798024                     /lib/x86_64-linux-gnu/libgcc_s.so.1
7fa642a38000-7fa642c37000 ---p 00017000 08:01 798024                     /lib/x86_64-linux-gnu/libgcc_s.so.1
7fa642c37000-7fa642c38000 r--p 00016000 08:01 798024                     /lib/x86_64-linux-gnu/libgcc_s.so.1
7fa642c38000-7fa642c39000 rw-p 00017000 08:01 798024                     /lib/x86_64-linux-gnu/libgcc_s.so.1
7fa642c39000-7fa642dd6000 r-xp 00000000 08:01 792279                     /lib/x86_64-linux-gnu/libm-2.27.so
7fa642dd6000-7fa642fd5000 ---p 0019d000 08:01 792279                     /lib/x86_64-linux-gnu/libm-2.27.so
7fa642fd5000-7fa642fd6000 r--p 0019c000 08:01 792279                     /lib/x86_64-linux-gnu/libm-2.27.so
7fa642fd6000-7fa642fd7000 rw-p 0019d000 08:01 792279                     /lib/x86_64-linux-gnu/libm-2.27.so
7fa642fd7000-7fa643150000 r-xp 00000000 08:01 1049250                    /usr/lib/x86_64-linux-gnu/libstdc++.so.6.0.25
7fa643150000-7fa643350000 ---p 00179000 08:01 1049250                    /usr/lib/x86_64-linux-gnu/libstdc++.so.6.0.25
7fa643350000-7fa64335a000 r--p 00179000 08:01 1049250                    /usr/lib/x86_64-linux-gnu/libstdc++.so.6.0.25
7fa64335a000-7fa64335c000 rw-p 00183000 08:01 1049250                    /usr/lib/x86_64-linux-gnu/libstdc++.so.6.0.25
7fa64335c000-7fa643360000 rw-p 00000000 00:00 0 
7fa643360000-7fa64442c000 r-xp 00000000 08:01 543521                     /usr/lib/jvm/java-11-openjdk-amd64/lib/server/libjvm.so
7fa64442c000-7fa64462b000 ---p 010cc000 08:01 543521                     /usr/lib/jvm/java-11-openjdk-amd64/lib/server/libjvm.so
7fa64462b000-7fa6446e8000 r--p 010cb000 08:01 543521                     /usr/lib/jvm/java-11-openjdk-amd64/lib/server/libjvm.so
7fa6446e8000-7fa644721000 rw-p 01188000 08:01 543521                     /usr/lib/jvm/java-11-openjdk-amd64/lib/server/libjvm.so
7fa644721000-7fa644777000 rw-p 00000000 00:00 0 
7fa644777000-7fa644791000 r-xp 00000000 08:01 792349                     /lib/x86_64-linux-gnu/libpthread-2.27.so
7fa644791000-7fa644990000 ---p 0001a000 08:01 792349                     /lib/x86_64-linux-gnu/libpthread-2.27.so
7fa644990000-7fa644991000 r--p 00019000 08:01 792349                     /lib/x86_64-linux-gnu/libpthread-2.27.so
7fa644991000-7fa644992000 rw-p 0001a000 08:01 792349                     /lib/x86_64-linux-gnu/libpthread-2.27.so
7fa644992000-7fa644996000 rw-p 00000000 00:00 0 
7fa644996000-7fa644999000 r-xp 00000000 08:01 792239                     /lib/x86_64-linux-gnu/libdl-2.27.so
7fa644999000-7fa644b98000 ---p 00003000 08:01 792239                     /lib/x86_64-linux-gnu/libdl-2.27.so
7fa644b98000-7fa644b99000 r--p 00002000 08:01 792239                     /lib/x86_64-linux-gnu/libdl-2.27.so
7fa644b99000-7fa644b9a000 rw-p 00003000 08:01 792239                     /lib/x86_64-linux-gnu/libdl-2.27.so
7fa644b9a000-7fa644bb6000 r-xp 00000000 08:01 792388                     /lib/x86_64-linux-gnu/libz.so.1.2.11
7fa644bb6000-7fa644db5000 ---p 0001c000 08:01 792388                     /lib/x86_64-linux-gnu/libz.so.1.2.11
7fa644db5000-7fa644db6000 r--p 0001b000 08:01 792388                     /lib/x86_64-linux-gnu/libz.so.1.2.11
7fa644db6000-7fa644db7000 rw-p 0001c000 08:01 792388                     /lib/x86_64-linux-gnu/libz.so.1.2.11
7fa644db7000-7fa644f9e000 r-xp 00000000 08:01 792216                     /lib/x86_64-linux-gnu/libc-2.27.so
7fa644f9e000-7fa64519e000 ---p 001e7000 08:01 792216                     /lib/x86_64-linux-gnu/libc-2.27.so
7fa64519e000-7fa6451a2000 r--p 001e7000 08:01 792216                     /lib/x86_64-linux-gnu/libc-2.27.so
7fa6451a2000-7fa6451a4000 rw-p 001eb000 08:01 792216                     /lib/x86_64-linux-gnu/libc-2.27.so
7fa6451a4000-7fa6451a8000 rw-p 00000000 00:00 0 
7fa6451a8000-7fa6451b8000 r-xp 00000000 08:01 284194                     /usr/lib/jvm/java-11-openjdk-amd64/lib/jli/libjli.so
7fa6451b8000-7fa6453b7000 ---p 00010000 08:01 284194                     /usr/lib/jvm/java-11-openjdk-amd64/lib/jli/libjli.so
7fa6453b7000-7fa6453b8000 r--p 0000f000 08:01 284194                     /usr/lib/jvm/java-11-openjdk-amd64/lib/jli/libjli.so
7fa6453b8000-7fa6453b9000 rw-p 00010000 08:01 284194                     /usr/lib/jvm/java-11-openjdk-amd64/lib/jli/libjli.so
7fa6453b9000-7fa6453e0000 r-xp 00000000 08:01 792188                     /lib/x86_64-linux-gnu/ld-2.27.so
7fa6453e3000-7fa6453e6000 rw-p 00000000 00:00 0 
7fa6453e6000-7fa6453ff000 r-xp 00000000 00:00 0 
7fa6453ff000-7fa6454c0000 rw-p 00000000 00:00 0 
7fa6454c0000-7fa6454c7000 ---p 00000000 00:00 0 
7fa6454c7000-7fa6454cb000 ---p 00000000 00:00 0 
7fa6454cb000-7fa6455ca000 rw-p 00000000 00:00 0 
7fa6455ca000-7fa6455cb000 r-xp 00000000 00:00 0 
7fa6455cb000-7fa6455cd000 r-xp 00000000 00:00 0 
7fa6455cd000-7fa6455d4000 r--s 00000000 08:01 1186132                    /usr/lib/x86_64-linux-gnu/gconv/gconv-modules.cache
7fa6455d4000-7fa6455dc000 rw-s 00000000 08:01 1179980                    /tmp/hsperfdata_dinith/50610
7fa6455dc000-7fa6455dd000 ---p 00000000 00:00 0 
7fa6455dd000-7fa6455de000 r--p 00000000 00:00 0 
7fa6455de000-7fa6455e0000 rw-p 00000000 00:00 0 
7fa6455e0000-7fa6455e1000 r--p 00027000 08:01 792188                     /lib/x86_64-linux-gnu/ld-2.27.so
7fa6455e1000-7fa6455e2000 rw-p 00028000 08:01 792188                     /lib/x86_64-linux-gnu/ld-2.27.so
7fa6455e2000-7fa6455e3000 rw-p 00000000 00:00 0 
7ffcafeac000-7ffcafecd000 rw-p 00000000 00:00 0                          [stack]
7ffcaff7e000-7ffcaff81000 r--p 00000000 00:00 0                          [vvar]
7ffcaff81000-7ffcaff83000 r-xp 00000000 00:00 0                          [vdso]
ffffffffff600000-ffffffffff601000 r-xp 00000000 00:00 0                  [vsyscall]


VM Arguments:
jvm_args: -Dfile.encoding=UTF-8 
java_command: MemoryFS -d -f /home/dinith/memMount
java_class_path (initial): /home/dinith/Documents/370/SE370.a02/target/classes:/home/dinith/.m2/repository/com/github/lukethompsxn/edufuse/1.0.3/edufuse-1.0.3.jar:/home/dinith/.m2/repository/com/github/jnr/jnr-ffi/2.1.7/jnr-ffi-2.1.7.jar:/home/dinith/.m2/repository/com/github/jnr/jffi/1.2.16/jffi-1.2.16.jar:/home/dinith/.m2/repository/com/github/jnr/jffi/1.2.16/jffi-1.2.16-native.jar:/home/dinith/.m2/repository/org/ow2/asm/asm/5.0.3/asm-5.0.3.jar:/home/dinith/.m2/repository/org/ow2/asm/asm-commons/5.0.3/asm-commons-5.0.3.jar:/home/dinith/.m2/repository/org/ow2/asm/asm-analysis/5.0.3/asm-analysis-5.0.3.jar:/home/dinith/.m2/repository/org/ow2/asm/asm-tree/5.0.3/asm-tree-5.0.3.jar:/home/dinith/.m2/repository/org/ow2/asm/asm-util/5.0.3/asm-util-5.0.3.jar:/home/dinith/.m2/repository/com/github/jnr/jnr-x86asm/1.0.2/jnr-x86asm-1.0.2.jar:/home/dinith/.m2/repository/com/github/jnr/jnr-posix/3.0.44/jnr-posix-3.0.44.jar:/home/dinith/.m2/repository/com/github/jnr/jnr-constants/0.9.9/jnr-constants-0.9.9.jar:/home/dinith/.m2/repository/com/googlecode/json-simple/json-simple/1.1.1/json-simple-1.1.1.jar:/home/dinith/.m2/repository/junit/junit/4.10/junit-4.10.jar:/home/dinith/.m2/repository/org/hamcrest/hamcrest-core/1.1/hamcrest-core-1.1.jar
Launcher Type: SUN_STANDARD

[Global flags]
     intx CICompilerCount                          = 3                                         {product} {ergonomic}
     uint ConcGCThreads                            = 1                                         {product} {ergonomic}
     uint G1ConcRefinementThreads                  = 4                                         {product} {ergonomic}
   size_t G1HeapRegionSize                         = 1048576                                   {product} {ergonomic}
    uintx GCDrainStackTargetSize                   = 64                                        {product} {ergonomic}
   size_t InitialHeapSize                          = 65011712                                  {product} {ergonomic}
   size_t MarkStackSize                            = 4194304                                   {product} {ergonomic}
   size_t MaxHeapSize                              = 1029701632                                {product} {ergonomic}
   size_t MaxNewSize                               = 617611264                                 {product} {ergonomic}
   size_t MinHeapDeltaBytes                        = 1048576                                   {product} {ergonomic}
    uintx NonNMethodCodeHeapSize                   = 5830092                                {pd product} {ergonomic}
    uintx NonProfiledCodeHeapSize                  = 122914074                              {pd product} {ergonomic}
    uintx ProfiledCodeHeapSize                     = 122914074                              {pd product} {ergonomic}
    uintx ReservedCodeCacheSize                    = 251658240                              {pd product} {ergonomic}
     bool SegmentedCodeCache                       = true                                      {product} {ergonomic}
     bool UseCompressedClassPointers               = true                                 {lp64_product} {ergonomic}
     bool UseCompressedOops                        = true                                 {lp64_product} {ergonomic}
     bool UseG1GC                                  = true                                      {product} {ergonomic}

Logging:
Log output configuration:
 #0: stdout all=warning uptime,level,tags
 #1: stderr all=off uptime,level,tags

Environment Variables:
JAVA_HOME=/usr/lib/jvm/java-1.11.0-openjdk-amd64
PATH=/usr/lib/jvm/java-1.11.0-openjdk-amd64/bin:/usr/local/sbin:/usr/local/bin:/usr/sbin:/usr/bin:/sbin:/bin:/usr/games:/usr/local/games:/snap/bin
USERNAME=dinith
SHELL=/bin/bash
DISPLAY=:0

Signal Handlers:
SIGSEGV: [libjvm.so+0xde5f50], sa_mask[0]=11111111011111111101111111111110, sa_flags=SA_RESTART|SA_SIGINFO
SIGBUS: [libjvm.so+0xde5f50], sa_mask[0]=11111111011111111101111111111110, sa_flags=SA_RESTART|SA_SIGINFO
SIGFPE: [libjvm.so+0xde5f50], sa_mask[0]=11111111011111111101111111111110, sa_flags=SA_RESTART|SA_SIGINFO
SIGPIPE: [libjvm.so+0xbba5b0], sa_mask[0]=11111111011111111101111111111110, sa_flags=SA_RESTART|SA_SIGINFO
SIGXFSZ: [libjvm.so+0xbba5b0], sa_mask[0]=11111111011111111101111111111110, sa_flags=SA_RESTART|SA_SIGINFO
SIGILL: [libjvm.so+0xde5f50], sa_mask[0]=11111111011111111101111111111110, sa_flags=SA_RESTART|SA_SIGINFO
SIGUSR2: [libjvm.so+0xbba450], sa_mask[0]=00000000000000000000000000000000, sa_flags=SA_RESTART|SA_SIGINFO
SIGHUP: [libjvm.so+0xbba7b0], sa_mask[0]=11111111011111111101111111111110, sa_flags=SA_RESTART|SA_SIGINFO
SIGINT: [libjvm.so+0xbba7b0], sa_mask[0]=11111111011111111101111111111110, sa_flags=SA_RESTART|SA_SIGINFO
SIGTERM: [libjvm.so+0xbba7b0], sa_mask[0]=11111111011111111101111111111110, sa_flags=SA_RESTART|SA_SIGINFO
SIGQUIT: [libjvm.so+0xbba7b0], sa_mask[0]=11111111011111111101111111111110, sa_flags=SA_RESTART|SA_SIGINFO


---------------  S Y S T E M  ---------------

OS:DISTRIB_ID=Ubuntu
DISTRIB_RELEASE=18.04
DISTRIB_CODENAME=bionic
DISTRIB_DESCRIPTION="Ubuntu 18.04.1 LTS"
uname:Linux 4.15.0-58-generic #64-Ubuntu SMP Tue Aug 6 11:12:41 UTC 2019 x86_64
libc:glibc 2.27 NPTL 2.27 
rlimit: STACK 8192k, CORE 0k, NPROC 15446, NOFILE 4096, AS infinity, DATA infinity, FSIZE infinity
load average:0.09 0.16 0.13

/proc/meminfo:
MemTotal:        4015672 kB
MemFree:          318972 kB
MemAvailable:     923740 kB
Buffers:           79772 kB
Cached:           709460 kB
SwapCached:         2908 kB
Active:          2229704 kB
Inactive:         714408 kB
Active(anon):    1743892 kB
Inactive(anon):   447588 kB
Active(file):     485812 kB
Inactive(file):   266820 kB
Unevictable:          16 kB
Mlocked:              16 kB
SwapTotal:       1214880 kB
SwapFree:        1045176 kB
Dirty:               268 kB
Writeback:             0 kB
AnonPages:       2152968 kB
Mapped:           234752 kB
Shmem:             46112 kB
Slab:             192340 kB
SReclaimable:     113872 kB
SUnreclaim:        78468 kB
KernelStack:       15504 kB
PageTables:        55864 kB
NFS_Unstable:          0 kB
Bounce:                0 kB
WritebackTmp:          0 kB
CommitLimit:     3222716 kB
Committed_AS:    7403064 kB
VmallocTotal:   34359738367 kB
VmallocUsed:           0 kB
VmallocChunk:          0 kB
HardwareCorrupted:     0 kB
AnonHugePages:         0 kB
ShmemHugePages:        0 kB
ShmemPmdMapped:        0 kB
CmaTotal:              0 kB
CmaFree:               0 kB
HugePages_Total:       0
HugePages_Free:        0
HugePages_Rsvd:        0
HugePages_Surp:        0
Hugepagesize:       2048 kB
DirectMap4k:      452416 kB
DirectMap2M:     3741696 kB
DirectMap1G:     2097152 kB


/proc/sys/kernel/threads-max (system-wide limit on the number of threads):
30892


/proc/sys/vm/max_map_count (maximum number of memory map areas a process may have):
65530


/proc/sys/kernel/pid_max (system-wide limit on number of process identifiers):
131072



container (cgroup) information:
container_type: cgroupv1
cpu_cpuset_cpus: 0-3
cpu_memory_nodes: 0
active_processor_count: 4
cpu_quota: -1
cpu_period: 100000
cpu_shares: -1
memory_limit_in_bytes: -1
memory_and_swap_limit_in_bytes: -2
memory_soft_limit_in_bytes: -1
memory_usage_in_bytes: 3014123520
memory_max_usage_in_bytes: 352866304

Steal ticks since vm start: 0
Steal ticks percentage since vm start:  0.000

CPU:total 4 (initial active 4) (1 cores per cpu, 1 threads per core) family 6 model 158 stepping 10, cmov, cx8, fxsr, mmx, sse, sse2, sse3, ssse3, sse4.1, sse4.2, popcnt, avx, avx2, aes, clmul, erms, 3dnowpref, lzcnt, tsc, tscinvbit, bmi1, bmi2, adx, fma
CPU Model and flags from /proc/cpuinfo:
model name	: Intel(R) Core(TM) i7-8750H CPU @ 2.20GHz
flags		: fpu vme de pse tsc msr pae mce cx8 apic sep mtrr pge mca cmov pat pse36 clflush mmx fxsr sse sse2 ss syscall nx pdpe1gb rdtscp lm constant_tsc arch_perfmon nopl xtopology tsc_reliable nonstop_tsc cpuid pni pclmulqdq ssse3 fma cx16 pcid sse4_1 sse4_2 x2apic movbe popcnt tsc_deadline_timer aes xsave avx f16c rdrand hypervisor lahf_lm abm 3dnowprefetch cpuid_fault invpcid_single pti ssbd ibrs ibpb stibp fsgsbase tsc_adjust bmi1 avx2 smep bmi2 invpcid mpx rdseed adx smap clflushopt xsaveopt xsavec xsaves arat md_clear flush_l1d arch_capabilities

Memory: 4k page, physical 4015672k(318972k free), swap 1214880k(1045176k free)

vm_info: OpenJDK 64-Bit Server VM (11.0.4+11-post-Ubuntu-1ubuntu218.04.3) for linux-amd64 JRE (11.0.4+11-post-Ubuntu-1ubuntu218.04.3), built on Jul 18 2019 18:21:46 by "buildd" with gcc 7.4.0

END.
